{"/Users/elenabernardi/WebstormProjects/beer-app/src/server.ts": {"path":"/Users/elenabernardi/WebstormProjects/beer-app/src/server.ts","statementMap":{"0":{"start":{"line":1,"column":0},"end":{"line":1,"column":40}},"1":{"start":{"line":2,"column":0},"end":{"line":2,"column":32}},"2":{"start":{"line":3,"column":0},"end":{"line":3,"column":22}},"3":{"start":{"line":4,"column":0},"end":{"line":4,"column":51}},"4":{"start":{"line":5,"column":0},"end":{"line":5,"column":32}},"5":{"start":{"line":6,"column":13},"end":{"line":6,"column":33}},"6":{"start":{"line":8,"column":12},"end":{"line":8,"column":21}},"7":{"start":{"line":10,"column":13},"end":{"line":10,"column":37}},"8":{"start":{"line":12,"column":0},"end":{"line":12,"column":22}},"9":{"start":{"line":13,"column":0},"end":{"line":17,"column":2}},"10":{"start":{"line":18,"column":0},"end":{"line":18,"column":18}},"11":{"start":{"line":21,"column":0},"end":{"line":21,"column":30}},"12":{"start":{"line":23,"column":11},"end":{"line":23,"column":42}},"13":{"start":{"line":24,"column":0},"end":{"line":28,"column":4}},"14":{"start":{"line":25,"column":4},"end":{"line":25,"column":29}},"15":{"start":{"line":27,"column":4},"end":{"line":27,"column":50}},"16":{"start":{"line":30,"column":15},"end":{"line":36,"column":6}},"17":{"start":{"line":31,"column":29},"end":{"line":33,"column":6}},"18":{"start":{"line":32,"column":8},"end":{"line":32,"column":57}},"19":{"start":{"line":35,"column":8},"end":{"line":35,"column":27}},"20":{"start":{"line":38,"column":0},"end":{"line":38,"column":22}}},"fnMap":{"0":{"name":"(anonymous_8)","decl":{"start":{"line":24,"column":30},"end":{"line":24,"column":33}},"loc":{"start":{"line":24,"column":35},"end":{"line":26,"column":1}}},"1":{"name":"(anonymous_9)","decl":{"start":{"line":26,"column":3},"end":{"line":26,"column":10}},"loc":{"start":{"line":26,"column":13},"end":{"line":28,"column":1}}},"2":{"name":"(anonymous_10)","decl":{"start":{"line":31,"column":18},"end":{"line":31,"column":27}},"loc":{"start":{"line":31,"column":29},"end":{"line":33,"column":6}}},"3":{"name":"(anonymous_11)","decl":{"start":{"line":31,"column":29},"end":{"line":31,"column":null}},"loc":{"start":{"line":31,"column":29},"end":{"line":33,"column":5}}},"4":{"name":"(anonymous_12)","decl":{"start":{"line":34,"column":17},"end":{"line":34,"column":20}},"loc":{"start":{"line":34,"column":23},"end":{"line":36,"column":5}}}},"branchMap":{"0":{"loc":{"start":{"line":10,"column":13},"end":{"line":10,"column":37}},"type":"binary-expr","locations":[{"start":{"line":10,"column":13},"end":{"line":10,"column":29}},{"start":{"line":10,"column":33},"end":{"line":10,"column":37}}]}},"s":{"0":1,"1":1,"2":1,"3":1,"4":1,"5":1,"6":1,"7":1,"8":1,"9":1,"10":1,"11":1,"12":1,"13":1,"14":1,"15":0,"16":1,"17":1,"18":1,"19":0,"20":1},"f":{"0":1,"1":0,"2":1,"3":1,"4":0},"b":{"0":[1,1]}}
,"/Users/elenabernardi/WebstormProjects/beer-app/src/config/MongoConfig.ts": {"path":"/Users/elenabernardi/WebstormProjects/beer-app/src/config/MongoConfig.ts","statementMap":{"0":{"start":{"line":1,"column":17},"end":{"line":1,"column":53}},"1":{"start":{"line":2,"column":0},"end":{"line":4,"column":null}}},"fnMap":{},"branchMap":{},"s":{"0":1,"1":1},"f":{},"b":{}}
,"/Users/elenabernardi/WebstormProjects/beer-app/src/domain/model/Beer.ts": {"path":"/Users/elenabernardi/WebstormProjects/beer-app/src/domain/model/Beer.ts","statementMap":{"0":{"start":{"line":1,"column":0},"end":{"line":1,"column":37}},"1":{"start":{"line":2,"column":0},"end":{"line":2,"column":31}},"2":{"start":{"line":3,"column":0},"end":{"line":3,"column":68}},"3":{"start":{"line":5,"column":15},"end":{"line":5,"column":30}},"4":{"start":{"line":17,"column":0},"end":{"line":17,"column":null}},"5":{"start":{"line":18,"column":4},"end":{"line":18,"column":null}},"6":{"start":{"line":19,"column":4},"end":{"line":19,"column":null}},"7":{"start":{"line":20,"column":4},"end":{"line":20,"column":null}},"8":{"start":{"line":24,"column":19},"end":{"line":30,"column":2}},"9":{"start":{"line":32,"column":18},"end":{"line":32,"column":50}},"10":{"start":{"line":33,"column":0},"end":{"line":33,"column":25}},"11":{"start":{"line":51,"column":8},"end":{"line":51,"column":25}},"12":{"start":{"line":52,"column":8},"end":{"line":52,"column":33}},"13":{"start":{"line":53,"column":8},"end":{"line":53,"column":45}},"14":{"start":{"line":57,"column":24},"end":{"line":57,"column":107}},"15":{"start":{"line":58,"column":8},"end":{"line":58,"column":30}},"16":{"start":{"line":59,"column":8},"end":{"line":59,"column":43}},"17":{"start":{"line":60,"column":8},"end":{"line":60,"column":43}},"18":{"start":{"line":61,"column":8},"end":{"line":61,"column":23}},"19":{"start":{"line":39,"column":4},"end":{"line":39,"column":null}},"20":{"start":{"line":41,"column":4},"end":{"line":41,"column":null}},"21":{"start":{"line":45,"column":4},"end":{"line":45,"column":null}},"22":{"start":{"line":35,"column":0},"end":{"line":35,"column":13}}},"fnMap":{"0":{"name":"(anonymous_7)","decl":{"start":{"line":17,"column":0},"end":{"line":17,"column":12}},"loc":{"start":{"line":17,"column":20},"end":{"line":21,"column":1}}},"1":{"name":"(anonymous_8)","decl":{"start":{"line":50,"column":4},"end":{"line":50,"column":16}},"loc":{"start":{"line":50,"column":75},"end":{"line":54,"column":5}}},"2":{"name":"(anonymous_9)","decl":{"start":{"line":56,"column":4},"end":{"line":56,"column":10}},"loc":{"start":{"line":56,"column":36},"end":{"line":62,"column":5}}}},"branchMap":{"0":{"loc":{"start":{"line":17,"column":12},"end":{"line":17,"column":null}},"type":"binary-expr","locations":[{"start":{"line":17,"column":12},"end":{"line":17,"column":20}},{"start":{"line":17,"column":12},"end":{"line":17,"column":null}}]}},"s":{"0":2,"1":2,"2":2,"3":2,"4":2,"5":2,"6":2,"7":2,"8":2,"9":2,"10":2,"11":24,"12":24,"13":24,"14":0,"15":0,"16":0,"17":0,"18":0,"19":2,"20":2,"21":2,"22":2},"f":{"0":2,"1":24,"2":0},"b":{"0":[2,2]}}
,"/Users/elenabernardi/WebstormProjects/beer-app/src/domain/service/BeerService.ts": {"path":"/Users/elenabernardi/WebstormProjects/beer-app/src/domain/service/BeerService.ts","statementMap":{"0":{"start":{"line":3,"column":17},"end":{"line":3,"column":38}},"1":{"start":{"line":4,"column":17},"end":{"line":4,"column":55}},"2":{"start":{"line":5,"column":4},"end":{"line":5,"column":38}},"3":{"start":{"line":2,"column":0},"end":{"line":2,"column":16}},"4":{"start":{"line":8,"column":4},"end":{"line":8,"column":53}},"5":{"start":{"line":9,"column":4},"end":{"line":22,"column":null}},"6":{"start":{"line":10,"column":8},"end":{"line":21,"column":null}},"7":{"start":{"line":11,"column":22},"end":{"line":11,"column":70}},"8":{"start":{"line":11,"column":40},"end":{"line":11,"column":69}},"9":{"start":{"line":12,"column":12},"end":{"line":20,"column":null}},"10":{"start":{"line":13,"column":16},"end":{"line":19,"column":null}},"11":{"start":{"line":14,"column":36},"end":{"line":14,"column":57}},"12":{"start":{"line":15,"column":20},"end":{"line":15,"column":null}},"13":{"start":{"line":16,"column":20},"end":{"line":16,"column":null}},"14":{"start":{"line":18,"column":20},"end":{"line":18,"column":null}},"15":{"start":{"line":23,"column":20},"end":{"line":23,"column":41}},"16":{"start":{"line":24,"column":4},"end":{"line":26,"column":null}},"17":{"start":{"line":25,"column":8},"end":{"line":25,"column":null}},"18":{"start":{"line":28,"column":4},"end":{"line":28,"column":20}},"19":{"start":{"line":33,"column":18},"end":{"line":33,"column":39}},"20":{"start":{"line":35,"column":4},"end":{"line":37,"column":null}},"21":{"start":{"line":36,"column":8},"end":{"line":36,"column":21}},"22":{"start":{"line":39,"column":17},"end":{"line":39,"column":34}},"23":{"start":{"line":41,"column":22},"end":{"line":41,"column":36}},"24":{"start":{"line":43,"column":4},"end":{"line":45,"column":null}},"25":{"start":{"line":44,"column":8},"end":{"line":44,"column":21}},"26":{"start":{"line":47,"column":4},"end":{"line":47,"column":50}},"27":{"start":{"line":32,"column":0},"end":{"line":32,"column":16}}},"fnMap":{"0":{"name":"retrieveLaudableDays","decl":{"start":{"line":2,"column":16},"end":{"line":2,"column":36}},"loc":{"start":{"line":2,"column":50},"end":{"line":6,"column":1}}},"1":{"name":"isLaudable","decl":{"start":{"line":7,"column":9},"end":{"line":7,"column":19}},"loc":{"start":{"line":7,"column":89},"end":{"line":30,"column":1}}},"2":{"name":"(anonymous_2)","decl":{"start":{"line":11,"column":33},"end":{"line":11,"column":36}},"loc":{"start":{"line":11,"column":40},"end":{"line":11,"column":69}}},"3":{"name":"dateIsValid","decl":{"start":{"line":32,"column":16},"end":{"line":32,"column":27}},"loc":{"start":{"line":32,"column":35},"end":{"line":48,"column":1}}}},"branchMap":{"0":{"loc":{"start":{"line":9,"column":4},"end":{"line":22,"column":null}},"type":"if","locations":[{"start":{"line":9,"column":4},"end":{"line":22,"column":null}}]},"1":{"loc":{"start":{"line":9,"column":8},"end":{"line":9,"column":34}},"type":"binary-expr","locations":[{"start":{"line":9,"column":8},"end":{"line":9,"column":12}},{"start":{"line":9,"column":16},"end":{"line":9,"column":34}}]},"2":{"loc":{"start":{"line":10,"column":8},"end":{"line":21,"column":null}},"type":"if","locations":[{"start":{"line":10,"column":8},"end":{"line":21,"column":null}}]},"3":{"loc":{"start":{"line":10,"column":12},"end":{"line":10,"column":60}},"type":"binary-expr","locations":[{"start":{"line":10,"column":12},"end":{"line":10,"column":31}},{"start":{"line":10,"column":31},"end":{"line":10,"column":60}}]},"4":{"loc":{"start":{"line":10,"column":13},"end":{"line":10,"column":27}},"type":"cond-expr","locations":[{"start":{"line":10,"column":17},"end":{"line":10,"column":19}},{"start":{"line":10,"column":13},"end":{"line":10,"column":27}}]},"5":{"loc":{"start":{"line":10,"column":13},"end":{"line":10,"column":19}},"type":"binary-expr","locations":[{"start":{"line":10,"column":13},"end":{"line":10,"column":19}},{"start":{"line":10,"column":13},"end":{"line":10,"column":19}}]},"6":{"loc":{"start":{"line":12,"column":12},"end":{"line":20,"column":null}},"type":"if","locations":[{"start":{"line":12,"column":12},"end":{"line":20,"column":null}}]},"7":{"loc":{"start":{"line":13,"column":16},"end":{"line":19,"column":null}},"type":"if","locations":[{"start":{"line":13,"column":16},"end":{"line":19,"column":null}},{"start":{"line":17,"column":23},"end":{"line":19,"column":null}}]},"8":{"loc":{"start":{"line":24,"column":4},"end":{"line":26,"column":null}},"type":"if","locations":[{"start":{"line":24,"column":4},"end":{"line":26,"column":null}}]},"9":{"loc":{"start":{"line":35,"column":4},"end":{"line":37,"column":null}},"type":"if","locations":[{"start":{"line":35,"column":4},"end":{"line":37,"column":null}}]},"10":{"loc":{"start":{"line":43,"column":4},"end":{"line":45,"column":null}},"type":"if","locations":[{"start":{"line":43,"column":4},"end":{"line":45,"column":null}}]},"11":{"loc":{"start":{"line":43,"column":8},"end":{"line":43,"column":64}},"type":"binary-expr","locations":[{"start":{"line":43,"column":8},"end":{"line":43,"column":37}},{"start":{"line":43,"column":41},"end":{"line":43,"column":64}}]}},"s":{"0":6,"1":6,"2":6,"3":3,"4":11,"5":11,"6":9,"7":7,"8":5,"9":7,"10":3,"11":1,"12":1,"13":1,"14":2,"15":11,"16":11,"17":4,"18":11,"19":17,"20":17,"21":4,"22":13,"23":13,"24":13,"25":2,"26":11,"27":3},"f":{"0":6,"1":11,"2":5,"3":17},"b":{"0":[9],"1":[11,11],"2":[7],"3":[9,4],"4":[5,4],"5":[9,9],"6":[3],"7":[1,2],"8":[4],"9":[4],"10":[2],"11":[13,13]}}
,"/Users/elenabernardi/WebstormProjects/beer-app/src/domain/service/MigrationService.ts": {"path":"/Users/elenabernardi/WebstormProjects/beer-app/src/domain/service/MigrationService.ts","statementMap":{"0":{"start":{"line":1,"column":0},"end":{"line":1,"column":56}},"1":{"start":{"line":2,"column":0},"end":{"line":2,"column":52}},"2":{"start":{"line":4,"column":14},"end":{"line":21,"column":null}},"3":{"start":{"line":24,"column":4},"end":{"line":28,"column":null}},"4":{"start":{"line":25,"column":8},"end":{"line":27,"column":11}},"5":{"start":{"line":26,"column":12},"end":{"line":26,"column":42}},"6":{"start":{"line":23,"column":0},"end":{"line":23,"column":16}}},"fnMap":{"0":{"name":"doMigration","decl":{"start":{"line":23,"column":16},"end":{"line":23,"column":27}},"loc":{"start":{"line":23,"column":27},"end":{"line":29,"column":1}}},"1":{"name":"(anonymous_1)","decl":{"start":{"line":24,"column":18},"end":{"line":24,"column":22}},"loc":{"start":{"line":24,"column":25},"end":{"line":28,"column":5}}},"2":{"name":"(anonymous_2)","decl":{"start":{"line":25,"column":47},"end":{"line":25,"column":52}},"loc":{"start":{"line":25,"column":55},"end":{"line":27,"column":9}}}},"branchMap":{},"s":{"0":1,"1":1,"2":1,"3":0,"4":0,"5":0,"6":1},"f":{"0":0,"1":0,"2":0},"b":{}}
,"/Users/elenabernardi/WebstormProjects/beer-app/src/storage/QueryBuilder.ts": {"path":"/Users/elenabernardi/WebstormProjects/beer-app/src/storage/QueryBuilder.ts","statementMap":{"0":{"start":{"line":6,"column":8},"end":{"line":57,"column":null}},"1":{"start":{"line":7,"column":12},"end":{"line":32,"column":null}},"2":{"start":{"line":8,"column":16},"end":{"line":30,"column":23}},"3":{"start":{"line":31,"column":16},"end":{"line":31,"column":29}},"4":{"start":{"line":34,"column":12},"end":{"line":55,"column":19}},"5":{"start":{"line":56,"column":12},"end":{"line":56,"column":25}},"6":{"start":{"line":58,"column":8},"end":{"line":128,"column":null}},"7":{"start":{"line":59,"column":12},"end":{"line":81,"column":null}},"8":{"start":{"line":60,"column":16},"end":{"line":79,"column":null}},"9":{"start":{"line":80,"column":16},"end":{"line":80,"column":29}},"10":{"start":{"line":82,"column":12},"end":{"line":108,"column":null}},"11":{"start":{"line":83,"column":16},"end":{"line":106,"column":null}},"12":{"start":{"line":107,"column":16},"end":{"line":107,"column":29}},"13":{"start":{"line":109,"column":12},"end":{"line":126,"column":null}},"14":{"start":{"line":127,"column":12},"end":{"line":127,"column":25}},"15":{"start":{"line":129,"column":8},"end":{"line":149,"column":null}},"16":{"start":{"line":130,"column":12},"end":{"line":147,"column":null}},"17":{"start":{"line":148,"column":12},"end":{"line":148,"column":25}},"18":{"start":{"line":150,"column":8},"end":{"line":174,"column":null}},"19":{"start":{"line":151,"column":12},"end":{"line":172,"column":null}},"20":{"start":{"line":173,"column":12},"end":{"line":173,"column":25}},"21":{"start":{"line":3,"column":0},"end":{"line":3,"column":13}}},"fnMap":{"0":{"name":"(anonymous_0)","decl":{"start":{"line":4,"column":4},"end":{"line":4,"column":10}},"loc":{"start":{"line":4,"column":42},"end":{"line":175,"column":5}}}},"branchMap":{"0":{"loc":{"start":{"line":6,"column":8},"end":{"line":57,"column":null}},"type":"if","locations":[{"start":{"line":6,"column":8},"end":{"line":57,"column":null}}]},"1":{"loc":{"start":{"line":6,"column":12},"end":{"line":6,"column":64}},"type":"binary-expr","locations":[{"start":{"line":6,"column":12},"end":{"line":6,"column":30}},{"start":{"line":6,"column":34},"end":{"line":6,"column":47}},{"start":{"line":6,"column":51},"end":{"line":6,"column":62}}]},"2":{"loc":{"start":{"line":6,"column":34},"end":{"line":6,"column":47}},"type":"cond-expr","locations":[{"start":{"line":6,"column":41},"end":{"line":6,"column":43}},{"start":{"line":6,"column":34},"end":{"line":6,"column":47}}]},"3":{"loc":{"start":{"line":6,"column":34},"end":{"line":6,"column":43}},"type":"binary-expr","locations":[{"start":{"line":6,"column":34},"end":{"line":6,"column":43}},{"start":{"line":6,"column":34},"end":{"line":6,"column":43}}]},"4":{"loc":{"start":{"line":6,"column":51},"end":{"line":6,"column":62}},"type":"cond-expr","locations":[{"start":{"line":6,"column":58},"end":{"line":6,"column":60}},{"start":{"line":6,"column":51},"end":{"line":6,"column":62}}]},"5":{"loc":{"start":{"line":6,"column":51},"end":{"line":6,"column":60}},"type":"binary-expr","locations":[{"start":{"line":6,"column":51},"end":{"line":6,"column":60}},{"start":{"line":6,"column":51},"end":{"line":6,"column":60}}]},"6":{"loc":{"start":{"line":7,"column":12},"end":{"line":32,"column":null}},"type":"if","locations":[{"start":{"line":7,"column":12},"end":{"line":32,"column":null}}]},"7":{"loc":{"start":{"line":58,"column":8},"end":{"line":128,"column":null}},"type":"if","locations":[{"start":{"line":58,"column":8},"end":{"line":128,"column":null}}]},"8":{"loc":{"start":{"line":58,"column":12},"end":{"line":58,"column":25}},"type":"cond-expr","locations":[{"start":{"line":58,"column":19},"end":{"line":58,"column":21}},{"start":{"line":58,"column":12},"end":{"line":58,"column":25}}]},"9":{"loc":{"start":{"line":58,"column":12},"end":{"line":58,"column":21}},"type":"binary-expr","locations":[{"start":{"line":58,"column":12},"end":{"line":58,"column":21}},{"start":{"line":58,"column":12},"end":{"line":58,"column":21}}]},"10":{"loc":{"start":{"line":59,"column":12},"end":{"line":81,"column":null}},"type":"if","locations":[{"start":{"line":59,"column":12},"end":{"line":81,"column":null}}]},"11":{"loc":{"start":{"line":59,"column":16},"end":{"line":59,"column":28}},"type":"cond-expr","locations":[{"start":{"line":59,"column":23},"end":{"line":59,"column":25}},{"start":{"line":59,"column":16},"end":{"line":59,"column":28}}]},"12":{"loc":{"start":{"line":59,"column":16},"end":{"line":59,"column":25}},"type":"binary-expr","locations":[{"start":{"line":59,"column":16},"end":{"line":59,"column":25}},{"start":{"line":59,"column":16},"end":{"line":59,"column":25}}]},"13":{"loc":{"start":{"line":82,"column":12},"end":{"line":108,"column":null}},"type":"if","locations":[{"start":{"line":82,"column":12},"end":{"line":108,"column":null}}]},"14":{"loc":{"start":{"line":82,"column":16},"end":{"line":82,"column":42}},"type":"binary-expr","locations":[{"start":{"line":82,"column":16},"end":{"line":82,"column":28}},{"start":{"line":82,"column":32},"end":{"line":82,"column":42}}]},"15":{"loc":{"start":{"line":129,"column":8},"end":{"line":149,"column":null}},"type":"if","locations":[{"start":{"line":129,"column":8},"end":{"line":149,"column":null}}]},"16":{"loc":{"start":{"line":129,"column":12},"end":{"line":129,"column":24}},"type":"cond-expr","locations":[{"start":{"line":129,"column":19},"end":{"line":129,"column":21}},{"start":{"line":129,"column":12},"end":{"line":129,"column":24}}]},"17":{"loc":{"start":{"line":129,"column":12},"end":{"line":129,"column":21}},"type":"binary-expr","locations":[{"start":{"line":129,"column":12},"end":{"line":129,"column":21}},{"start":{"line":129,"column":12},"end":{"line":129,"column":21}}]},"18":{"loc":{"start":{"line":150,"column":8},"end":{"line":174,"column":null}},"type":"if","locations":[{"start":{"line":150,"column":8},"end":{"line":174,"column":null}}]},"19":{"loc":{"start":{"line":150,"column":12},"end":{"line":150,"column":38}},"type":"binary-expr","locations":[{"start":{"line":150,"column":12},"end":{"line":150,"column":24}},{"start":{"line":150,"column":28},"end":{"line":150,"column":38}}]}},"s":{"0":0,"1":0,"2":0,"3":0,"4":0,"5":0,"6":0,"7":0,"8":0,"9":0,"10":0,"11":0,"12":0,"13":0,"14":0,"15":0,"16":0,"17":0,"18":0,"19":0,"20":0,"21":1},"f":{"0":0},"b":{"0":[0],"1":[0,0,0],"2":[0,0],"3":[0,0],"4":[0,0],"5":[0,0],"6":[0],"7":[0],"8":[0,0],"9":[0,0],"10":[0],"11":[0,0],"12":[0,0],"13":[0],"14":[0,0],"15":[0],"16":[0,0],"17":[0,0],"18":[0],"19":[0,0]}}
,"/Users/elenabernardi/WebstormProjects/beer-app/src/storage/mongo.ts": {"path":"/Users/elenabernardi/WebstormProjects/beer-app/src/storage/mongo.ts","statementMap":{"0":{"start":{"line":1,"column":0},"end":{"line":1,"column":53}},"1":{"start":{"line":3,"column":11},"end":{"line":11,"column":null}},"2":{"start":{"line":5,"column":26},"end":{"line":5,"column":45}},"3":{"start":{"line":6,"column":8},"end":{"line":6,"column":65}},"4":{"start":{"line":6,"column":42},"end":{"line":6,"column":63}},"5":{"start":{"line":9,"column":8},"end":{"line":9,"column":42}}},"fnMap":{"0":{"name":"(anonymous_6)","decl":{"start":{"line":4,"column":9},"end":{"line":4,"column":10}},"loc":{"start":{"line":4,"column":24},"end":{"line":7,"column":5}}},"1":{"name":"(anonymous_7)","decl":{"start":{"line":6,"column":37},"end":{"line":6,"column":38}},"loc":{"start":{"line":6,"column":42},"end":{"line":6,"column":63}}},"2":{"name":"(anonymous_8)","decl":{"start":{"line":8,"column":11},"end":{"line":8,"column":12}},"loc":{"start":{"line":8,"column":21},"end":{"line":10,"column":5}}}},"branchMap":{},"s":{"0":1,"1":1,"2":0,"3":0,"4":0,"5":0},"f":{"0":0,"1":0,"2":0},"b":{}}
,"/Users/elenabernardi/WebstormProjects/beer-app/src/web/BeerFilter.ts": {"path":"/Users/elenabernardi/WebstormProjects/beer-app/src/web/BeerFilter.ts","statementMap":{"0":{"start":{"line":1,"column":0},"end":{"line":1,"column":46}},"1":{"start":{"line":2,"column":0},"end":{"line":2,"column":49}},"2":{"start":{"line":3,"column":0},"end":{"line":3,"column":58}},"3":{"start":{"line":14,"column":8},"end":{"line":14,"column":34}},"4":{"start":{"line":15,"column":8},"end":{"line":15,"column":32}},"5":{"start":{"line":16,"column":8},"end":{"line":16,"column":34}},"6":{"start":{"line":17,"column":8},"end":{"line":17,"column":30}},"7":{"start":{"line":18,"column":8},"end":{"line":18,"column":46}},"8":{"start":{"line":22,"column":8},"end":{"line":26,"column":null}},"9":{"start":{"line":23,"column":25},"end":{"line":23,"column":44}},"10":{"start":{"line":24,"column":23},"end":{"line":24,"column":40}},"11":{"start":{"line":25,"column":12},"end":{"line":25,"column":29}},"12":{"start":{"line":27,"column":8},"end":{"line":29,"column":null}},"13":{"start":{"line":28,"column":12},"end":{"line":28,"column":25}},"14":{"start":{"line":30,"column":8},"end":{"line":32,"column":null}},"15":{"start":{"line":31,"column":12},"end":{"line":31,"column":null}},"16":{"start":{"line":33,"column":8},"end":{"line":35,"column":null}},"17":{"start":{"line":34,"column":12},"end":{"line":34,"column":25}},"18":{"start":{"line":36,"column":8},"end":{"line":40,"column":null}},"19":{"start":{"line":37,"column":25},"end":{"line":37,"column":44}},"20":{"start":{"line":38,"column":23},"end":{"line":38,"column":40}},"21":{"start":{"line":39,"column":12},"end":{"line":39,"column":29}},"22":{"start":{"line":41,"column":8},"end":{"line":43,"column":null}},"23":{"start":{"line":42,"column":12},"end":{"line":42,"column":25}},"24":{"start":{"line":44,"column":8},"end":{"line":46,"column":null}},"25":{"start":{"line":45,"column":12},"end":{"line":45,"column":25}},"26":{"start":{"line":47,"column":8},"end":{"line":47,"column":20}},"27":{"start":{"line":7,"column":4},"end":{"line":7,"column":null}},"28":{"start":{"line":5,"column":0},"end":{"line":5,"column":13}}},"fnMap":{"0":{"name":"(anonymous_1)","decl":{"start":{"line":13,"column":4},"end":{"line":13,"column":16}},"loc":{"start":{"line":13,"column":23},"end":{"line":19,"column":5}}},"1":{"name":"(anonymous_2)","decl":{"start":{"line":21,"column":4},"end":{"line":21,"column":12}},"loc":{"start":{"line":21,"column":12},"end":{"line":48,"column":5}}}},"branchMap":{"0":{"loc":{"start":{"line":14,"column":20},"end":{"line":14,"column":33}},"type":"cond-expr","locations":[{"start":{"line":14,"column":27},"end":{"line":14,"column":29}},{"start":{"line":14,"column":20},"end":{"line":14,"column":33}}]},"1":{"loc":{"start":{"line":14,"column":20},"end":{"line":14,"column":29}},"type":"binary-expr","locations":[{"start":{"line":14,"column":20},"end":{"line":14,"column":29}},{"start":{"line":14,"column":20},"end":{"line":14,"column":29}}]},"2":{"loc":{"start":{"line":15,"column":19},"end":{"line":15,"column":31}},"type":"cond-expr","locations":[{"start":{"line":15,"column":26},"end":{"line":15,"column":28}},{"start":{"line":15,"column":19},"end":{"line":15,"column":31}}]},"3":{"loc":{"start":{"line":15,"column":19},"end":{"line":15,"column":28}},"type":"binary-expr","locations":[{"start":{"line":15,"column":19},"end":{"line":15,"column":28}},{"start":{"line":15,"column":19},"end":{"line":15,"column":28}}]},"4":{"loc":{"start":{"line":16,"column":20},"end":{"line":16,"column":33}},"type":"cond-expr","locations":[{"start":{"line":16,"column":27},"end":{"line":16,"column":29}},{"start":{"line":16,"column":20},"end":{"line":16,"column":33}}]},"5":{"loc":{"start":{"line":16,"column":20},"end":{"line":16,"column":29}},"type":"binary-expr","locations":[{"start":{"line":16,"column":20},"end":{"line":16,"column":29}},{"start":{"line":16,"column":20},"end":{"line":16,"column":29}}]},"6":{"loc":{"start":{"line":17,"column":18},"end":{"line":17,"column":29}},"type":"cond-expr","locations":[{"start":{"line":17,"column":25},"end":{"line":17,"column":27}},{"start":{"line":17,"column":18},"end":{"line":17,"column":29}}]},"7":{"loc":{"start":{"line":17,"column":18},"end":{"line":17,"column":27}},"type":"binary-expr","locations":[{"start":{"line":17,"column":18},"end":{"line":17,"column":27}},{"start":{"line":17,"column":18},"end":{"line":17,"column":27}}]},"8":{"loc":{"start":{"line":18,"column":26},"end":{"line":18,"column":45}},"type":"cond-expr","locations":[{"start":{"line":18,"column":33},"end":{"line":18,"column":35}},{"start":{"line":18,"column":26},"end":{"line":18,"column":45}}]},"9":{"loc":{"start":{"line":18,"column":26},"end":{"line":18,"column":35}},"type":"binary-expr","locations":[{"start":{"line":18,"column":26},"end":{"line":18,"column":35}},{"start":{"line":18,"column":26},"end":{"line":18,"column":35}}]},"10":{"loc":{"start":{"line":22,"column":8},"end":{"line":26,"column":null}},"type":"if","locations":[{"start":{"line":22,"column":8},"end":{"line":26,"column":null}}]},"11":{"loc":{"start":{"line":22,"column":12},"end":{"line":22,"column":101}},"type":"binary-expr","locations":[{"start":{"line":22,"column":12},"end":{"line":22,"column":27}},{"start":{"line":22,"column":31},"end":{"line":22,"column":40}},{"start":{"line":22,"column":44},"end":{"line":22,"column":51}},{"start":{"line":22,"column":55},"end":{"line":22,"column":77}},{"start":{"line":22,"column":81},"end":{"line":22,"column":101}}]},"12":{"loc":{"start":{"line":27,"column":8},"end":{"line":29,"column":null}},"type":"if","locations":[{"start":{"line":27,"column":8},"end":{"line":29,"column":null}}]},"13":{"loc":{"start":{"line":27,"column":12},"end":{"line":27,"column":54}},"type":"binary-expr","locations":[{"start":{"line":27,"column":12},"end":{"line":27,"column":27}},{"start":{"line":27,"column":31},"end":{"line":27,"column":54}}]},"14":{"loc":{"start":{"line":27,"column":33},"end":{"line":27,"column":53}},"type":"binary-expr","locations":[{"start":{"line":27,"column":33},"end":{"line":27,"column":42}},{"start":{"line":27,"column":46},"end":{"line":27,"column":53}}]},"15":{"loc":{"start":{"line":30,"column":8},"end":{"line":32,"column":null}},"type":"if","locations":[{"start":{"line":30,"column":8},"end":{"line":32,"column":null}}]},"16":{"loc":{"start":{"line":30,"column":12},"end":{"line":30,"column":60}},"type":"binary-expr","locations":[{"start":{"line":30,"column":13},"end":{"line":30,"column":22}},{"start":{"line":30,"column":26},"end":{"line":30,"column":34}},{"start":{"line":30,"column":39},"end":{"line":30,"column":49}},{"start":{"line":30,"column":53},"end":{"line":30,"column":60}}]},"17":{"loc":{"start":{"line":33,"column":8},"end":{"line":35,"column":null}},"type":"if","locations":[{"start":{"line":33,"column":8},"end":{"line":35,"column":null}}]},"18":{"loc":{"start":{"line":33,"column":12},"end":{"line":33,"column":48}},"type":"binary-expr","locations":[{"start":{"line":33,"column":12},"end":{"line":33,"column":21}},{"start":{"line":33,"column":25},"end":{"line":33,"column":48}}]},"19":{"loc":{"start":{"line":33,"column":27},"end":{"line":33,"column":47}},"type":"binary-expr","locations":[{"start":{"line":33,"column":27},"end":{"line":33,"column":36}},{"start":{"line":33,"column":40},"end":{"line":33,"column":47}}]},"20":{"loc":{"start":{"line":36,"column":8},"end":{"line":40,"column":null}},"type":"if","locations":[{"start":{"line":36,"column":8},"end":{"line":40,"column":null}}]},"21":{"loc":{"start":{"line":36,"column":12},"end":{"line":36,"column":82}},"type":"binary-expr","locations":[{"start":{"line":36,"column":12},"end":{"line":36,"column":21}},{"start":{"line":36,"column":25},"end":{"line":36,"column":32}},{"start":{"line":36,"column":36},"end":{"line":36,"column":58}},{"start":{"line":36,"column":62},"end":{"line":36,"column":82}}]},"22":{"loc":{"start":{"line":41,"column":8},"end":{"line":43,"column":null}},"type":"if","locations":[{"start":{"line":41,"column":8},"end":{"line":43,"column":null}}]},"23":{"loc":{"start":{"line":41,"column":12},"end":{"line":41,"column":46}},"type":"binary-expr","locations":[{"start":{"line":41,"column":12},"end":{"line":41,"column":20}},{"start":{"line":41,"column":24},"end":{"line":41,"column":46}}]},"24":{"loc":{"start":{"line":44,"column":8},"end":{"line":46,"column":null}},"type":"if","locations":[{"start":{"line":44,"column":8},"end":{"line":46,"column":null}}]},"25":{"loc":{"start":{"line":44,"column":12},"end":{"line":44,"column":69}},"type":"binary-expr","locations":[{"start":{"line":44,"column":12},"end":{"line":44,"column":21}},{"start":{"line":44,"column":25},"end":{"line":44,"column":69}}]}},"s":{"0":2,"1":2,"2":2,"3":10,"4":10,"5":10,"6":10,"7":10,"8":10,"9":1,"10":1,"11":1,"12":9,"13":1,"14":8,"15":1,"16":7,"17":1,"18":6,"19":3,"20":3,"21":3,"22":3,"23":1,"24":2,"25":1,"26":1,"27":2,"28":2},"f":{"0":10,"1":10},"b":{"0":[0,10],"1":[10,10],"2":[0,10],"3":[10,10],"4":[0,10],"5":[10,10],"6":[0,10],"7":[10,10],"8":[0,10],"9":[10,10],"10":[1],"11":[10,2,1,1,1],"12":[1],"13":[9,1],"14":[1,0],"15":[1],"16":[8,3,8,5],"17":[1],"18":[7,4],"19":[4,3],"20":[3],"21":[6,3,3,3],"22":[1],"23":[3,3],"24":[1],"25":[2,2]}}
,"/Users/elenabernardi/WebstormProjects/beer-app/src/web/routes/BeersRoutes.ts": {"path":"/Users/elenabernardi/WebstormProjects/beer-app/src/web/routes/BeersRoutes.ts","statementMap":{"0":{"start":{"line":1,"column":0},"end":{"line":1,"column":32}},"1":{"start":{"line":2,"column":0},"end":{"line":2,"column":45}},"2":{"start":{"line":3,"column":0},"end":{"line":3,"column":42}},"3":{"start":{"line":4,"column":0},"end":{"line":4,"column":56}},"4":{"start":{"line":5,"column":0},"end":{"line":5,"column":66}},"5":{"start":{"line":7,"column":0},"end":{"line":7,"column":41}},"6":{"start":{"line":8,"column":0},"end":{"line":8,"column":52}},"7":{"start":{"line":9,"column":0},"end":{"line":9,"column":83}},"8":{"start":{"line":12,"column":15},"end":{"line":12,"column":27}},"9":{"start":{"line":20,"column":0},"end":{"line":41,"column":3}},"10":{"start":{"line":20,"column":42},"end":{"line":41,"column":2}},"11":{"start":{"line":21,"column":4},"end":{"line":40,"column":null}},"12":{"start":{"line":22,"column":24},"end":{"line":22,"column":59}},"13":{"start":{"line":23,"column":8},"end":{"line":23,"column":null}},"14":{"start":{"line":24,"column":8},"end":{"line":37,"column":null}},"15":{"start":{"line":25,"column":26},"end":{"line":25,"column":58}},"16":{"start":{"line":26,"column":12},"end":{"line":33,"column":null}},"17":{"start":{"line":27,"column":28},"end":{"line":27,"column":62}},"18":{"start":{"line":28,"column":16},"end":{"line":32,"column":null}},"19":{"start":{"line":29,"column":20},"end":{"line":29,"column":59}},"20":{"start":{"line":31,"column":20},"end":{"line":31,"column":37}},"21":{"start":{"line":35,"column":12},"end":{"line":35,"column":38}},"22":{"start":{"line":36,"column":12},"end":{"line":36,"column":23}},"23":{"start":{"line":39,"column":8},"end":{"line":39,"column":27}},"24":{"start":{"line":51,"column":0},"end":{"line":78,"column":3}},"25":{"start":{"line":51,"column":44},"end":{"line":78,"column":2}},"26":{"start":{"line":52,"column":4},"end":{"line":77,"column":null}},"27":{"start":{"line":53,"column":33},"end":{"line":53,"column":35}},"28":{"start":{"line":55,"column":21},"end":{"line":55,"column":31}},"29":{"start":{"line":56,"column":21},"end":{"line":56,"column":46}},"30":{"start":{"line":57,"column":8},"end":{"line":57,"column":51}},"31":{"start":{"line":58,"column":8},"end":{"line":58,"column":31}},"32":{"start":{"line":59,"column":8},"end":{"line":59,"column":39}},"33":{"start":{"line":60,"column":23},"end":{"line":60,"column":61}},"34":{"start":{"line":61,"column":8},"end":{"line":68,"column":null}},"35":{"start":{"line":62,"column":12},"end":{"line":62,"column":29}},"36":{"start":{"line":63,"column":12},"end":{"line":66,"column":14}},"37":{"start":{"line":67,"column":12},"end":{"line":67,"column":23}},"38":{"start":{"line":69,"column":8},"end":{"line":69,"column":60}},"39":{"start":{"line":70,"column":8},"end":{"line":70,"column":34}},"40":{"start":{"line":71,"column":8},"end":{"line":71,"column":19}},"41":{"start":{"line":74,"column":8},"end":{"line":74,"column":27}},"42":{"start":{"line":75,"column":8},"end":{"line":75,"column":33}},"43":{"start":{"line":76,"column":8},"end":{"line":76,"column":19}},"44":{"start":{"line":83,"column":0},"end":{"line":90,"column":null}},"45":{"start":{"line":83,"column":44},"end":{"line":90,"column":2}},"46":{"start":{"line":84,"column":4},"end":{"line":89,"column":null}},"47":{"start":{"line":85,"column":8},"end":{"line":85,"column":22}},"48":{"start":{"line":86,"column":8},"end":{"line":86,"column":57}},"49":{"start":{"line":88,"column":8},"end":{"line":88,"column":25}},"50":{"start":{"line":92,"column":0},"end":{"line":92,"column":22}}},"fnMap":{"0":{"name":"(anonymous_8)","decl":{"start":{"line":20,"column":28},"end":{"line":20,"column":35}},"loc":{"start":{"line":20,"column":42},"end":{"line":41,"column":2}}},"1":{"name":"(anonymous_9)","decl":{"start":{"line":20,"column":42},"end":{"line":20,"column":null}},"loc":{"start":{"line":20,"column":42},"end":{"line":41,"column":1}}},"2":{"name":"(anonymous_10)","decl":{"start":{"line":51,"column":21},"end":{"line":51,"column":28}},"loc":{"start":{"line":51,"column":44},"end":{"line":78,"column":2}}},"3":{"name":"(anonymous_11)","decl":{"start":{"line":51,"column":44},"end":{"line":51,"column":null}},"loc":{"start":{"line":51,"column":44},"end":{"line":78,"column":1}}},"4":{"name":"(anonymous_12)","decl":{"start":{"line":83,"column":30},"end":{"line":83,"column":37}},"loc":{"start":{"line":83,"column":44},"end":{"line":90,"column":2}}},"5":{"name":"(anonymous_13)","decl":{"start":{"line":83,"column":44},"end":{"line":83,"column":null}},"loc":{"start":{"line":83,"column":44},"end":{"line":90,"column":1}}}},"branchMap":{"0":{"loc":{"start":{"line":22,"column":40},"end":{"line":22,"column":58}},"type":"cond-expr","locations":[{"start":{"line":22,"column":52},"end":{"line":22,"column":54}},{"start":{"line":22,"column":52},"end":{"line":22,"column":58}}]},"1":{"loc":{"start":{"line":22,"column":40},"end":{"line":22,"column":54}},"type":"binary-expr","locations":[{"start":{"line":22,"column":40},"end":{"line":22,"column":54}},{"start":{"line":22,"column":52},"end":{"line":22,"column":54}}]},"2":{"loc":{"start":{"line":22,"column":40},"end":{"line":22,"column":52}},"type":"cond-expr","locations":[{"start":{"line":22,"column":43},"end":{"line":22,"column":45}},{"start":{"line":22,"column":40},"end":{"line":22,"column":52}}]},"3":{"loc":{"start":{"line":22,"column":40},"end":{"line":22,"column":45}},"type":"binary-expr","locations":[{"start":{"line":22,"column":40},"end":{"line":22,"column":45}},{"start":{"line":22,"column":40},"end":{"line":22,"column":45}}]},"4":{"loc":{"start":{"line":24,"column":8},"end":{"line":37,"column":null}},"type":"if","locations":[{"start":{"line":24,"column":8},"end":{"line":37,"column":null}},{"start":{"line":34,"column":15},"end":{"line":37,"column":null}}]},"5":{"loc":{"start":{"line":26,"column":12},"end":{"line":33,"column":null}},"type":"if","locations":[{"start":{"line":26,"column":12},"end":{"line":33,"column":null}}]},"6":{"loc":{"start":{"line":28,"column":16},"end":{"line":32,"column":null}},"type":"if","locations":[{"start":{"line":28,"column":16},"end":{"line":32,"column":null}},{"start":{"line":30,"column":23},"end":{"line":32,"column":null}}]},"7":{"loc":{"start":{"line":56,"column":21},"end":{"line":56,"column":46}},"type":"cond-expr","locations":[{"start":{"line":56,"column":33},"end":{"line":56,"column":35}},{"start":{"line":56,"column":33},"end":{"line":56,"column":46}}]},"8":{"loc":{"start":{"line":56,"column":21},"end":{"line":56,"column":35}},"type":"binary-expr","locations":[{"start":{"line":56,"column":21},"end":{"line":56,"column":35}},{"start":{"line":56,"column":33},"end":{"line":56,"column":35}}]},"9":{"loc":{"start":{"line":56,"column":21},"end":{"line":56,"column":33}},"type":"cond-expr","locations":[{"start":{"line":56,"column":24},"end":{"line":56,"column":26}},{"start":{"line":56,"column":21},"end":{"line":56,"column":33}}]},"10":{"loc":{"start":{"line":56,"column":21},"end":{"line":56,"column":26}},"type":"binary-expr","locations":[{"start":{"line":56,"column":21},"end":{"line":56,"column":26}},{"start":{"line":56,"column":21},"end":{"line":56,"column":26}}]},"11":{"loc":{"start":{"line":57,"column":30},"end":{"line":57,"column":50}},"type":"cond-expr","locations":[{"start":{"line":57,"column":34},"end":{"line":57,"column":36}},{"start":{"line":57,"column":30},"end":{"line":57,"column":50}}]},"12":{"loc":{"start":{"line":57,"column":30},"end":{"line":57,"column":36}},"type":"binary-expr","locations":[{"start":{"line":57,"column":30},"end":{"line":57,"column":36}},{"start":{"line":57,"column":30},"end":{"line":57,"column":36}}]},"13":{"loc":{"start":{"line":58,"column":20},"end":{"line":58,"column":30}},"type":"cond-expr","locations":[{"start":{"line":58,"column":24},"end":{"line":58,"column":26}},{"start":{"line":58,"column":20},"end":{"line":58,"column":30}}]},"14":{"loc":{"start":{"line":58,"column":20},"end":{"line":58,"column":26}},"type":"binary-expr","locations":[{"start":{"line":58,"column":20},"end":{"line":58,"column":26}},{"start":{"line":58,"column":20},"end":{"line":58,"column":26}}]},"15":{"loc":{"start":{"line":59,"column":24},"end":{"line":59,"column":38}},"type":"cond-expr","locations":[{"start":{"line":59,"column":28},"end":{"line":59,"column":30}},{"start":{"line":59,"column":24},"end":{"line":59,"column":38}}]},"16":{"loc":{"start":{"line":59,"column":24},"end":{"line":59,"column":30}},"type":"binary-expr","locations":[{"start":{"line":59,"column":24},"end":{"line":59,"column":30}},{"start":{"line":59,"column":24},"end":{"line":59,"column":30}}]},"17":{"loc":{"start":{"line":61,"column":8},"end":{"line":68,"column":null}},"type":"if","locations":[{"start":{"line":61,"column":8},"end":{"line":68,"column":null}}]},"18":{"loc":{"start":{"line":61,"column":12},"end":{"line":61,"column":66}},"type":"binary-expr","locations":[{"start":{"line":61,"column":12},"end":{"line":61,"column":29}},{"start":{"line":61,"column":33},"end":{"line":61,"column":66}}]}},"s":{"0":1,"1":1,"2":1,"3":1,"4":1,"5":1,"6":1,"7":1,"8":1,"9":1,"10":0,"11":0,"12":0,"13":0,"14":0,"15":0,"16":0,"17":0,"18":0,"19":0,"20":0,"21":0,"22":0,"23":0,"24":1,"25":3,"26":3,"27":3,"28":3,"29":3,"30":3,"31":3,"32":3,"33":3,"34":3,"35":3,"36":3,"37":3,"38":0,"39":0,"40":0,"41":0,"42":0,"43":0,"44":1,"45":0,"46":0,"47":0,"48":0,"49":0,"50":1},"f":{"0":0,"1":0,"2":3,"3":3,"4":0,"5":0},"b":{"0":[0,0],"1":[0,0],"2":[0,0],"3":[0,0],"4":[0,0],"5":[0],"6":[0,0],"7":[0,3],"8":[3,3],"9":[0,3],"10":[3,3],"11":[0,3],"12":[3,3],"13":[0,3],"14":[3,3],"15":[0,3],"16":[3,3],"17":[3],"18":[3,0]}}
}
