TN:
SF:src/server.ts
FN:24,(anonymous_8)
FN:26,(anonymous_9)
FN:31,(anonymous_10)
FN:31,(anonymous_11)
FN:34,(anonymous_12)
FNF:5
FNH:3
FNDA:1,(anonymous_8)
FNDA:0,(anonymous_9)
FNDA:1,(anonymous_10)
FNDA:1,(anonymous_11)
FNDA:0,(anonymous_12)
DA:1,1
DA:2,1
DA:3,1
DA:4,1
DA:5,1
DA:6,1
DA:8,1
DA:10,1
DA:12,1
DA:13,1
DA:18,1
DA:21,1
DA:23,1
DA:24,1
DA:25,1
DA:27,0
DA:30,1
DA:31,1
DA:32,1
DA:35,0
DA:38,1
LF:21
LH:19
BRDA:10,0,0,1
BRDA:10,0,1,1
BRF:2
BRH:2
end_of_record
TN:
SF:src/config/MongoConfig.ts
FNF:0
FNH:0
DA:1,1
DA:2,1
LF:2
LH:2
BRF:0
BRH:0
end_of_record
TN:
SF:src/domain/model/Beer.ts
FN:17,(anonymous_7)
FN:50,(anonymous_8)
FN:56,(anonymous_9)
FNF:3
FNH:2
FNDA:2,(anonymous_7)
FNDA:24,(anonymous_8)
FNDA:0,(anonymous_9)
DA:1,2
DA:2,2
DA:3,2
DA:5,2
DA:17,2
DA:18,2
DA:19,2
DA:20,2
DA:24,2
DA:32,2
DA:33,2
DA:35,2
DA:39,2
DA:41,2
DA:45,2
DA:51,24
DA:52,24
DA:53,24
DA:57,0
DA:58,0
DA:59,0
DA:60,0
DA:61,0
LF:23
LH:18
BRDA:17,0,0,2
BRDA:17,0,1,2
BRF:2
BRH:2
end_of_record
TN:
SF:src/domain/service/BeerService.ts
FN:2,retrieveLaudableDays
FN:7,isLaudable
FN:11,(anonymous_2)
FN:32,dateIsValid
FNF:4
FNH:4
FNDA:6,retrieveLaudableDays
FNDA:11,isLaudable
FNDA:5,(anonymous_2)
FNDA:17,dateIsValid
DA:2,3
DA:3,6
DA:4,6
DA:5,6
DA:8,11
DA:9,11
DA:10,9
DA:11,7
DA:12,7
DA:13,3
DA:14,1
DA:15,1
DA:16,1
DA:18,2
DA:23,11
DA:24,11
DA:25,4
DA:28,11
DA:32,3
DA:33,17
DA:35,17
DA:36,4
DA:39,13
DA:41,13
DA:43,13
DA:44,2
DA:47,11
LF:27
LH:27
BRDA:9,0,0,9
BRDA:9,1,0,11
BRDA:9,1,1,11
BRDA:10,2,0,7
BRDA:10,3,0,9
BRDA:10,3,1,4
BRDA:10,4,0,5
BRDA:10,4,1,4
BRDA:10,5,0,9
BRDA:10,5,1,9
BRDA:12,6,0,3
BRDA:13,7,0,1
BRDA:13,7,1,2
BRDA:24,8,0,4
BRDA:35,9,0,4
BRDA:43,10,0,2
BRDA:43,11,0,13
BRDA:43,11,1,13
BRF:18
BRH:18
end_of_record
TN:
SF:src/domain/service/MigrationService.ts
FN:23,doMigration
FN:24,(anonymous_1)
FN:25,(anonymous_2)
FNF:3
FNH:0
FNDA:0,doMigration
FNDA:0,(anonymous_1)
FNDA:0,(anonymous_2)
DA:1,1
DA:2,1
DA:4,1
DA:23,1
DA:24,0
DA:25,0
DA:26,0
LF:7
LH:4
BRF:0
BRH:0
end_of_record
TN:
SF:src/storage/QueryBuilder.ts
FN:4,(anonymous_0)
FNF:1
FNH:0
FNDA:0,(anonymous_0)
DA:3,1
DA:6,0
DA:7,0
DA:8,0
DA:31,0
DA:34,0
DA:56,0
DA:58,0
DA:59,0
DA:60,0
DA:80,0
DA:82,0
DA:83,0
DA:107,0
DA:109,0
DA:127,0
DA:129,0
DA:130,0
DA:148,0
DA:150,0
DA:151,0
DA:173,0
LF:22
LH:1
BRDA:6,0,0,0
BRDA:6,1,0,0
BRDA:6,1,1,0
BRDA:6,1,2,0
BRDA:6,2,0,0
BRDA:6,2,1,0
BRDA:6,3,0,0
BRDA:6,3,1,0
BRDA:6,4,0,0
BRDA:6,4,1,0
BRDA:6,5,0,0
BRDA:6,5,1,0
BRDA:7,6,0,0
BRDA:58,7,0,0
BRDA:58,8,0,0
BRDA:58,8,1,0
BRDA:58,9,0,0
BRDA:58,9,1,0
BRDA:59,10,0,0
BRDA:59,11,0,0
BRDA:59,11,1,0
BRDA:59,12,0,0
BRDA:59,12,1,0
BRDA:82,13,0,0
BRDA:82,14,0,0
BRDA:82,14,1,0
BRDA:129,15,0,0
BRDA:129,16,0,0
BRDA:129,16,1,0
BRDA:129,17,0,0
BRDA:129,17,1,0
BRDA:150,18,0,0
BRDA:150,19,0,0
BRDA:150,19,1,0
BRF:34
BRH:0
end_of_record
TN:
SF:src/storage/mongo.ts
FN:4,(anonymous_6)
FN:6,(anonymous_7)
FN:8,(anonymous_8)
FNF:3
FNH:0
FNDA:0,(anonymous_6)
FNDA:0,(anonymous_7)
FNDA:0,(anonymous_8)
DA:1,1
DA:3,1
DA:5,0
DA:6,0
DA:9,0
LF:5
LH:2
BRF:0
BRH:0
end_of_record
TN:
SF:src/web/BeerFilter.ts
FN:13,(anonymous_1)
FN:21,(anonymous_2)
FNF:2
FNH:2
FNDA:10,(anonymous_1)
FNDA:10,(anonymous_2)
DA:1,2
DA:2,2
DA:3,2
DA:5,2
DA:7,2
DA:14,10
DA:15,10
DA:16,10
DA:17,10
DA:18,10
DA:22,10
DA:23,1
DA:24,1
DA:25,1
DA:27,9
DA:28,1
DA:30,8
DA:31,1
DA:33,7
DA:34,1
DA:36,6
DA:37,3
DA:38,3
DA:39,3
DA:41,3
DA:42,1
DA:44,2
DA:45,1
DA:47,1
LF:29
LH:29
BRDA:14,0,0,0
BRDA:14,0,1,10
BRDA:14,1,0,10
BRDA:14,1,1,10
BRDA:15,2,0,0
BRDA:15,2,1,10
BRDA:15,3,0,10
BRDA:15,3,1,10
BRDA:16,4,0,0
BRDA:16,4,1,10
BRDA:16,5,0,10
BRDA:16,5,1,10
BRDA:17,6,0,0
BRDA:17,6,1,10
BRDA:17,7,0,10
BRDA:17,7,1,10
BRDA:18,8,0,0
BRDA:18,8,1,10
BRDA:18,9,0,10
BRDA:18,9,1,10
BRDA:22,10,0,1
BRDA:22,11,0,10
BRDA:22,11,1,2
BRDA:22,11,2,1
BRDA:22,11,3,1
BRDA:22,11,4,1
BRDA:27,12,0,1
BRDA:27,13,0,9
BRDA:27,13,1,1
BRDA:27,14,0,1
BRDA:27,14,1,0
BRDA:30,15,0,1
BRDA:30,16,0,8
BRDA:30,16,1,3
BRDA:30,16,2,8
BRDA:30,16,3,5
BRDA:33,17,0,1
BRDA:33,18,0,7
BRDA:33,18,1,4
BRDA:33,19,0,4
BRDA:33,19,1,3
BRDA:36,20,0,3
BRDA:36,21,0,6
BRDA:36,21,1,3
BRDA:36,21,2,3
BRDA:36,21,3,3
BRDA:41,22,0,1
BRDA:41,23,0,3
BRDA:41,23,1,3
BRDA:44,24,0,1
BRDA:44,25,0,2
BRDA:44,25,1,2
BRF:52
BRH:46
end_of_record
TN:
SF:src/web/routes/BeersRoutes.ts
FN:20,(anonymous_8)
FN:20,(anonymous_9)
FN:51,(anonymous_10)
FN:51,(anonymous_11)
FN:83,(anonymous_12)
FN:83,(anonymous_13)
FNF:6
FNH:2
FNDA:0,(anonymous_8)
FNDA:0,(anonymous_9)
FNDA:3,(anonymous_10)
FNDA:3,(anonymous_11)
FNDA:0,(anonymous_12)
FNDA:0,(anonymous_13)
DA:1,1
DA:2,1
DA:3,1
DA:4,1
DA:5,1
DA:7,1
DA:8,1
DA:9,1
DA:12,1
DA:20,1
DA:21,0
DA:22,0
DA:23,0
DA:24,0
DA:25,0
DA:26,0
DA:27,0
DA:28,0
DA:29,0
DA:31,0
DA:35,0
DA:36,0
DA:39,0
DA:51,3
DA:52,3
DA:53,3
DA:55,3
DA:56,3
DA:57,3
DA:58,3
DA:59,3
DA:60,3
DA:61,3
DA:62,3
DA:63,3
DA:67,3
DA:69,0
DA:70,0
DA:71,0
DA:74,0
DA:75,0
DA:76,0
DA:83,1
DA:84,0
DA:85,0
DA:86,0
DA:88,0
DA:92,1
LF:48
LH:25
BRDA:22,0,0,0
BRDA:22,0,1,0
BRDA:22,1,0,0
BRDA:22,1,1,0
BRDA:22,2,0,0
BRDA:22,2,1,0
BRDA:22,3,0,0
BRDA:22,3,1,0
BRDA:24,4,0,0
BRDA:24,4,1,0
BRDA:26,5,0,0
BRDA:28,6,0,0
BRDA:28,6,1,0
BRDA:56,7,0,0
BRDA:56,7,1,3
BRDA:56,8,0,3
BRDA:56,8,1,3
BRDA:56,9,0,0
BRDA:56,9,1,3
BRDA:56,10,0,3
BRDA:56,10,1,3
BRDA:57,11,0,0
BRDA:57,11,1,3
BRDA:57,12,0,3
BRDA:57,12,1,3
BRDA:58,13,0,0
BRDA:58,13,1,3
BRDA:58,14,0,3
BRDA:58,14,1,3
BRDA:59,15,0,0
BRDA:59,15,1,3
BRDA:59,16,0,3
BRDA:59,16,1,3
BRDA:61,17,0,3
BRDA:61,18,0,3
BRDA:61,18,1,0
BRF:36
BRH:17
end_of_record
